<?xml version="1.0" encoding="UTF-8"?>
<!-- Generated by org.testng.reporters.JUnitReportReporter -->
<testsuite skipped="0" hostname="Zakaria-HP" name="TestCases.IPhonePageTesting" tests="2" failures="0" timestamp="03 Feb 2018 15:19:11 GMT" time="48.392" errors="0">
  <testcase name="someOtherFunctions" time="13.884" classname="TestCases.IPhonePageTesting"/>
  <testcase name="pageAuthentication" time="34.508" classname="TestCases.IPhonePageTesting"/>
</testsuite> <!-- TestCases.IPhonePageTesting -->
