<?xml version="1.0" encoding="UTF-8"?>
<!-- Generated by org.testng.reporters.JUnitReportReporter -->
<testsuite skipped="0" hostname="DESKTOP-EBGJHK8" name="TestCases.DailyWork" tests="1" failures="0" timestamp="30 Jan 2020 16:03:56 GMT" time="177.584" errors="0">
  <testcase name="dailyTesting" time="177.584" classname="TestCases.DailyWork"/>
</testsuite> <!-- TestCases.DailyWork -->
