<?xml version="1.0" encoding="UTF-8"?>
<!-- Generated by org.testng.reporters.JUnitReportReporter -->
<testsuite hostname="DESKTOP-EBGJHK8" name="TestCases.TvPageTesting_CLoudTesting" tests="1" failures="0" timestamp="21 Apr 2020 16:50:02 GMT" time="14.159" errors="0">
  <testcase name="actionOnTvPage" time="14.159" classname="TestCases.TvPageTesting_CLoudTesting"/>
</testsuite> <!-- TestCases.TvPageTesting_CLoudTesting -->
